A51 MACRO ASSEMBLER  PROGRAM3                                                             07/31/2022 20:12:46 PAGE     1


MACRO ASSEMBLER A51 V8.2.7.0
OBJECT MODULE PLACED IN .\Objects\program3.obj
ASSEMBLER INVOKED BY: C:\Keil_v5\C51\BIN\A51.EXE program3.asm SET(SMALL) DEBUG PRINT(.\Listings\program3.lst) OBJECT(.\O
                      bjects\program3.obj) EP

LOC  OBJ            LINE     SOURCE

                       1     
                       2     
                       3     
                       4     
                       5     
                       6     
0000 900100            7     MOV DPTR,#100H;
                       8     
0003 93                9     MOVC A,@A+DPTR;
0004 F8               10     MOV R0,A;
0005 A3               11     INC DPTR;
0006 E4               12     CLR A;
                      13     
0007 93               14     MOVC A,@A+DPTR;
0008 F2               15     MOVX @R0,A;
0009 A3               16     INC DPTR;
000A E4               17     CLR A;
                      18     
000B 93               19     MOVC A,@A+DPTR;
000C 08               20     INC R0;
000D F2               21     MOVX @R0,A;
000E A3               22     INC DPTR;
000F E4               23     CLR A;
                      24     
0010 93               25     MOVC A,@A+DPTR
0011 08               26     INC R0;
0012 F2               27     MOVX @R0,A;
                      28     
                      29     END
A51 MACRO ASSEMBLER  PROGRAM3                                                             07/31/2022 20:12:46 PAGE     2

SYMBOL TABLE LISTING
------ ----- -------


N A M E             T Y P E  V A L U E   ATTRIBUTES



REGISTER BANK(S) USED: 0 


ASSEMBLY COMPLETE.  0 WARNING(S), 0 ERROR(S)
